C51 COMPILER V9.60.7.0   LCD12864                                                          05/27/2024 16:20:47 PAGE 1   


C51 COMPILER V9.60.7.0, COMPILATION OF MODULE LCD12864
OBJECT MODULE PLACED IN .\Objects\LCD12864.obj
COMPILER INVOKED BY: D:\Keil_v5\C51\BIN\C51.EXE LCD12864.c LARGE OMF2 OPTIMIZE(9,SPEED) BROWSE DEBUG PRINT(.\Listings\LC
                    -D12864.lst) TABS(2) OBJECT(.\Objects\LCD12864.obj)

line level    source

   1          #include "LCD12864.H"
   2          #include "stdio.H"
   3          #include <string.h>
   4          #include "gsm800c.h"
   5          #include "config.h"
   6          
   7          
   8          
   9          void delay_10us(unsigned char x)   //误差 -0.234375us
  10          {
  11   1          unsigned char a,b;
  12   1         for(b=x;b>0;b--)
  13   1           for(a=3;a>0;a--);
  14   1      }
  15          
  16          void delay_1ms(void)   //误差 -0.651041666667us
  17          {
  18   1          unsigned char a,b;
  19   1          for(b=102;b>0;b--)
  20   1              for(a=3;a>0;a--);
  21   1      }
  22          
  23          void delay_ms(unsigned int x)   //误差 -0.651041666667us
  24          {
  25   1        unsigned int a;
  26   1        for(a=x;a>0;a--)
  27   1          delay_1ms();
  28   1      }
  29          
  30          //向12864中写入数据
  31          void LCD12864_Write_Data(unsigned char dat)
  32          {
  33   1        LCD12864_E = 0;
  34   1        LCD12864_WR = 0;//选择写模式 
  35   1        LCD12864_RS = 1;//选择数据模式
  36   1      
  37   1        //延时
  38   1        delay_10us(1);
  39   1      
  40   1        //将数据准备
  41   1        LCD12864_Data = dat;
  42   1      
  43   1        delay_10us(1);
  44   1      
  45   1        LCD12864_E = 1;//表示开始写入数据,上升沿写入数据
  46   1      
  47   1        delay_10us(20); //延时等待数据全部发送完成
  48   1      }
  49          
  50          
  51          
  52          //向12864中写入命令
  53          void LCD12864_Write_Com(unsigned char com)
  54          {
C51 COMPILER V9.60.7.0   LCD12864                                                          05/27/2024 16:20:47 PAGE 2   

  55   1        //首先我们设置片选信号
  56   1        LCD12864_E = 0;//片选信号一般设置为0表示片选
  57   1        LCD12864_WR = 0;//选择写模式 
  58   1        LCD12864_RS = 0;//选择命令模式
  59   1      
  60   1        //延时
  61   1        delay_10us(1);
  62   1      
  63   1        //将数据准备
  64   1        LCD12864_Data = com;
  65   1      
  66   1        delay_10us(1);
  67   1      
  68   1        LCD12864_E = 1;//表示开始写入数据,上升沿写入数据
  69   1      
  70   1        delay_10us(20);
  71   1      }
  72          
  73          
  74          //对LCD12864进行初始化
  75          void LCD12864_Init()
  76          {
  77   1        //首先对LCD进行复位
  78   1        LCD12864_REST = 0;
  79   1        delay_ms(30);
  80   1        LCD12864_REST = 1;
  81   1        delay_ms(20);
  82   1      
  83   1        /* 开始初始化的步骤 */
  84   1        LCD12864_Write_Com(0x30);
  85   1        //            LCD12864_Write_Com(0x08);
  86   1        //            LCD12864_Write_Com(0x06);
  87   1        LCD12864_Write_Com(0x0c);
  88   1        LCD12864_Write_Com(0x01);
  89   1      }
  90          
  91          
  92          
  93          unsigned char addresses[] = {0x80,0x90,0x88,0x98};
  94          void LCD12864_Display_Char(unsigned char x,unsigned char y,unsigned char dat){
  95   1      
  96   1      
  97   1          LCD12864_Write_Com(0x30);
  98   1          LCD12864_Write_Com(0x06);
  99   1      
 100   1          //写入地址
 101   1          LCD12864_Write_Com(addresses[x-1]+(y-1));
 102   1      
 103   1          //写入数据
 104   1          LCD12864_Write_Data(dat);
 105   1      
 106   1      }
 107          
 108          
 109          //显示汉字
 110          void LCD12864_Display_Chars(unsigned char x,unsigned char y,const unsigned char *dat){
 111   1      
 112   1      
 113   1          LCD12864_Write_Com(0x30);
 114   1          LCD12864_Write_Com(0x06);
 115   1      
 116   1          //写入地址
C51 COMPILER V9.60.7.0   LCD12864                                                          05/27/2024 16:20:47 PAGE 3   

 117   1          LCD12864_Write_Com(addresses[x-1]+(y-1));
 118   1      
 119   1          //写入数据
 120   1          while(*dat != '\0'){
 121   2              LCD12864_Write_Data(*dat);
 122   2              dat++;
 123   2          }
 124   1      }
 125          
 126          void LCD12864_Clear(void){
 127   1        LCD12864_Display_Chars(1,1,"                ");
 128   1        LCD12864_Display_Chars(2,1,"                ");
 129   1        LCD12864_Display_Chars(3,1,"                ");
 130   1        LCD12864_Display_Chars(4,1,"                ");
 131   1      }
 132          
 133          
 134          
 135          /*
 136            页面  
 137          */    
 138          static xdata Page PageData;
 139          static xdata union Add  A;
 140          
 141          union Add* Get_A(void)
 142          {
 143   1        return &A;
 144   1      }
 145          
 146          Page* p_PageData()
 147          {
 148   1        return &PageData;
 149   1      }
 150          void Page_Control(Page* Data)
 151          {
 152   1          switch (Data->PAGE_NUM)
 153   1        {
 154   2          case Theme:      Page_Theme(Data);
 155   2            break;
 156   2          case Select_Box: Page_Select_Box(Data);
 157   2            break;
 158   2          case S:          Page_S(Data);
 159   2            break;
 160   2          case I:          Page_I(Data);
 161   2            break;
 162   2          case SendWait:   Page_SendWait(Data);
 163   2            break;
 164   2          case InputNum:   Page_InputNum(Data);
 165   2            break;
 166   2          case InputError: Page_InputError(Data);
 167   2            break;
 168   2          case AuthError:  Page_AuthError(Data);
 169   2            break;
 170   2          case Access:     Page_Access(Data);
 171   2            break;
 172   2          default:    
 173   2                  #if Print_Debug
                          printf("Error:Can not find page\n");
                          #endif
 176   2            break;
 177   2        }
 178   1        if(Data->Key_Value == ExitKey)
C51 COMPILER V9.60.7.0   LCD12864                                                          05/27/2024 16:20:47 PAGE 4   

 179   1        {
 180   2          Data->PAGE_NUM = Access; 
 181   2        }
 182   1      }
 183          void Refresh_Page(Page* Data)
 184          {
 185   1        if(Data->Last_PAGE_NUM != Data->PAGE_NUM)
 186   1        {
 187   2            #if Print_Debug
                    printf("Refresh!\n");
                    #endif
 190   2          Data->Last_PAGE_NUM = Data->PAGE_NUM;
 191   2          Data->Refresh=1;
 192   2        }
 193   1      }
 194          void Page_Theme(Page* Data)
 195          {
 196   1        LCD12864_Write_Com(0x01);
 197   1          LCD12864_Display_Chars(1,1,"基于单片机的GSM ");
 198   1          LCD12864_Display_Chars(2,1,"    智能快递柜 ");
 199   1          LCD12864_Display_Chars(3,1,"  控制系统设计 ");
 200   1          LCD12864_Display_Chars(4,1,"    杨文群     ");
 201   1        LCD12864_Write_Com(0x01);
 202   1           if(Data->Key_Value)
 203   1         {
 204   2          Data->PAGE_NUM = Access;
 205   2          Data->Input_Enable = 0;    
 206   2         }
 207   1      }
 208          void Page_Select_Box(Page* Data)
 209          {
 210   1          if(Data->Input_Enable)
 211   1          {
 212   2            if(Data->Sel_fun == Fetch)
 213   2           {  
 214   3               if(Data->Key_Value == KeyNum1)
 215   3             {
 216   4               Data->Select_Box=1;
 217   4               Data->Input_Enable = 0;
 218   4               if(Data->Box[0])
 219   4               {
 220   5                Data->PAGE_NUM = SendWait;
 221   5                p_GMS->Sel_Phone = p_GMS->phone1;
 222   5               }
 223   4              return;
 224   4             }
 225   3             else if(Data->Key_Value == KeyNum2)
 226   3             {
 227   4               Data->Select_Box=2;
 228   4               Data->Input_Enable = 0;
 229   4               if(Data->Box[1])
 230   4               {
 231   5                 Data->PAGE_NUM = SendWait;
 232   5                 p_GMS->Sel_Phone = p_GMS->phone2;
 233   5               }
 234   4               return;
 235   4             }
 236   3           }
 237   2           else if(Data->Sel_fun == Store)
 238   2           {  
 239   3               if(Data->Key_Value == KeyNum1)
 240   3             {
C51 COMPILER V9.60.7.0   LCD12864                                                          05/27/2024 16:20:47 PAGE 5   

 241   4               Data->Select_Box=1;
 242   4               Data->PAGE_NUM = I;
 243   4               p_GMS->Sel_Phone = p_GMS->phone1;
 244   4               Data->Input_Enable = 0;
 245   4              return;
 246   4             }
 247   3             else if(Data->Key_Value == KeyNum2)
 248   3             {
 249   4               Data->Select_Box=2;
 250   4               Data->PAGE_NUM = I;
 251   4               p_GMS->Sel_Phone = p_GMS->phone2;
 252   4               Data->Input_Enable = 0;
 253   4               return;
 254   4             }
 255   3           }
 256   2         }   
 257   1         LCD12864_Display_Chars(1,1,"请选择货柜号码  :");
 258   1         LCD12864_Display_Chars(2,1,"                ");
 259   1        
 260   1          if(Data->Box[0])   LCD12864_Display_Chars(3,1,"快递柜 1: 已存 ");
 261   1                     else    LCD12864_Display_Chars(3,1,"快递柜 1: 未存 "); 
 262   1          if(Data->Box[1])   LCD12864_Display_Chars(4,1,"快递柜 2: 已存 ");
 263   1                     else    LCD12864_Display_Chars(4,1,"快递柜 2: 未存 ");
 264   1          Data->Error_Add=0;   
 265   1          Data->BEEP_CallThePolice = 0;
 266   1          BEEP = 1; LED = 1;
 267   1          Data->Input_Enable = 1;    
 268   1      }
 269          void Clean_PassWord(Page* Data)
 270          {
 271   1        memset(Data->PassWord,' ',6);
 272   1      }
 273          void Page_S(Page* Data)
 274          {   
 275   1          if(Data->Input_Enable)
 276   1          {     
 277   2            if(Data->Key_Value<=KeyNum9 && Data->Key_Value>=KeyNum0)
 278   2            {
 279   3              sprintf(&Data->PassWord[A.Page_S_i++],"%d",(int)Data->Key_Value-1);
 280   3              #if Print_Debug
                      printf("%s,%d\n",Data->PassWord,(int)A.Page_S_i);
                      #endif
 283   3            }     
 284   2            else  if(Data->Key_Value == CleanKey && A.Page_S_i)
 285   2            {
 286   3              Data->PassWord[--A.Page_S_i] = ' ';
 287   3              #if Print_Debug
                      printf("%s,%d\n",Data->PassWord,(int)A.Page_S_i);
                      #endif
 290   3            }
 291   2            if(A.Page_S_i==6)
 292   2            {
 293   3              A.Page_S_i=0;
 294   3              Data->PassWord_Check=1;
 295   3            }
 296   2          }
 297   1          Data->PassWord[6]='\0';
 298   1          LCD12864_Display_Chars(1,1,"请登录您的账号 ");
 299   1          LCD12864_Display_Chars(2,1,"登录密码：     ");   
 300   1          LCD12864_Display_Chars(3,1,Data->PassWord);
 301   1          LCD12864_Display_Chars(4,1,"              ");
 302   1          Data->Input_Enable =1;
C51 COMPILER V9.60.7.0   LCD12864                                                          05/27/2024 16:20:47 PAGE 6   

 303   1         if(Data->PassWord_Check) 
 304   1         {
 305   2           if(!memcmp(Data->PassWord,Data->Correct_PassWord,6))
 306   2           {
 307   3             #if Print_Debug
                      printf("密码正确\n");
                     #endif
 310   3             Clean_PassWord(Data);
 311   3             A.Page_S_i=0;
 312   3             Data->PAGE_NUM = Select_Box; 
 313   3             Data->PassWord_Check =0;
 314   3             Data->Input_Enable =0;
 315   3             return;
 316   3           }
 317   2           else
 318   2           {
 319   3             #if Print_Debug
                      printf("密码错误！\n");
                     #endif
 322   3              Clean_PassWord(Data);
 323   3              A.Page_S_i=0;
 324   3              Data->PAGE_NUM = InputError;
 325   3              Data->PassWord_Check =0;
 326   3              Data->Input_Enable =0;
 327   3              return;
 328   3           }
 329   2         }
 330   1      }
 331          
 332          void Page_I(Page* Data)
 333          {
 334   1          if(Data->Input_Enable)
 335   1          {     
 336   2            if(Data->Key_Value<=KeyNum9 && Data->Key_Value>=KeyNum0)
 337   2            {
 338   3              sprintf(&p_GMS->Sel_Phone[A.Page_I_i++],"%d",(int)Data->Key_Value-1);
 339   3              #if Print_Debug
                      printf("%s,%d\n",p_GMS->Sel_Phone,(int)A.Page_I_i);
                      #endif
 342   3            } 
 343   2            else  if(Data->Key_Value == CleanKey && A.Page_I_i)
 344   2            {
 345   3              p_GMS->Sel_Phone[--A.Page_I_i] = ' ';
 346   3              #if Print_Debug
                      printf("%s,%d\n",p_GMS->Sel_Phone,(int)A.Page_I_i);
                      #endif
 349   3            }
 350   2            else  if(Data->Key_Value == SendKey)
 351   2            {
 352   3              A.Page_I_i=0;
 353   3              Data->PAGE_NUM = Select_Box;
 354   3              if(Data->Select_Box == 1)
 355   3              {
 356   4                 Data->UnlockSign = 1;
 357   4                 Data->Box[0] = !Data->Box[0];
 358   4              }else if(Data->Select_Box == 2)
 359   3              {
 360   4                 Data->UnlockSign = 2;
 361   4                 Data->Box[1] = !Data->Box[1];
 362   4              }
 363   3              Data->Input_Enable = 0;
 364   3              return;
C51 COMPILER V9.60.7.0   LCD12864                                                          05/27/2024 16:20:47 PAGE 7   

 365   3            }
 366   2            if(A.Page_I_i>10)
 367   2            {
 368   3              A.Page_I_i=10;
 369   3            }
 370   2          }
 371   1          LCD12864_Display_Chars(1,1,"请输入手机号码:  ");  
 372   1          LCD12864_Display_Chars(2,1,"                ");
 373   1          LCD12864_Display_Chars(2,1,p_GMS->Sel_Phone);
 374   1          LCD12864_Display_Chars(3,1,"                ");
 375   1          LCD12864_Display_Chars(4,1,"                ");
 376   1          Data->Input_Enable = 1;
 377   1      }
 378          void Page_SendWait(Page* Data)
 379          {
 380   1          LCD12864_Display_Chars(1,1,"短信发送中...   ");
 381   1          LCD12864_Display_Chars(2,1,"                ");
 382   1          LCD12864_Display_Chars(3,1,"                ");
 383   1          LCD12864_Display_Chars(4,1,"                ");
 384   1          #if USE_GSM800C
 385   1          Set_Text_Mode();
 386   1          Send_AuTH(p_GMS->Sel_Phone);
 387   1          #endif
 388   1          LCD12864_Write_Com(0x01);
 389   1          LCD12864_Display_Chars(1,1,"短信发送成功    ");
 390   1          LCD12864_Display_Chars(2,1,"                ");
 391   1          LCD12864_Display_Chars(3,1,"                ");
 392   1          LCD12864_Display_Chars(4,1,"                ");
 393   1          LCD12864_Write_Com(0x01);
 394   1          delay_ms(1000);
 395   1          Data->PAGE_NUM = InputNum;
 396   1          Data->Input_Enable = 0;
 397   1      }
 398          
 399          void Page_InputNum(Page* Data)
 400          {
 401   1          if(Data->Input_Enable)
 402   1          {     
 403   2            if(Data->Key_Value<=KeyNum9 && Data->Key_Value>=KeyNum0)
 404   2            {
 405   3              sprintf(&Data->UserInAuthCode[A.Page_InAuth_i++],"%d",(int)Data->Key_Value-1);
 406   3              #if Print_Debug
                      printf("%s,%d\n",Data->UserInAuthCode,(int)A.Page_InAuth_i);
                      #endif
 409   3            }
 410   2            else  if(Data->Key_Value == CleanKey && A.Page_InAuth_i)
 411   2            {
 412   3              Data->UserInAuthCode[--A.Page_InAuth_i] = ' ';
 413   3              #if Print_Debug
                      printf("%s,%d\n",Data->UserInAuthCode,(int)A.Page_InAuth_i);
                      #endif
 416   3            }
 417   2            else  if(Data->Key_Value == SendKey)
 418   2            {
 419   3              A.Page_InAuth_i = 0;
 420   3              Data->PassWord_Check =1;
 421   3            }
 422   2            if(A.Page_InAuth_i==7)
 423   2            {
 424   3              A.Page_InAuth_i = 0;
 425   3              Data->PassWord_Check=1;
 426   3            }
C51 COMPILER V9.60.7.0   LCD12864                                                          05/27/2024 16:20:47 PAGE 8   

 427   2          } 
 428   1          LCD12864_Write_Com(0x01);
 429   1          LCD12864_Display_Chars(1,1,"请输入验证码:  ");
 430   1          LCD12864_Display_Chars(2,1,"                ");
 431   1          LCD12864_Display_Chars(2,1,Data->UserInAuthCode);
 432   1          LCD12864_Display_Chars(3,1,"                ");
 433   1          LCD12864_Display_Chars(4,1,"                ");
 434   1          LCD12864_Write_Com(0x01);
 435   1          Data->Input_Enable = 1;
 436   1          if(Data->PassWord_Check)
 437   1          {
 438   2            Data->PassWord_Check=0;
 439   2              if(!memcmp(Data->UserInAuthCode,Data->AuthCode,6))
 440   2           {
 441   3               #if Print_Debug
                      printf("Ture!\n");
                     #endif
 444   3              memset(Data->UserInAuthCode,' ',sizeof(Data->UserInAuthCode));
 445   3              Data->Box[Data->Select_Box-1] = !Data->Box[Data->Select_Box-1];
 446   3              Data->UnlockSign = Data->Select_Box;
 447   3              Data->Input_Enable = 0;
 448   3              Data->PAGE_NUM = Select_Box;
 449   3              return;
 450   3           }
 451   2           else 
 452   2           {
 453   3             #if Print_Debug
                      printf("Error!\n");
                     #endif
 456   3              memset(Data->UserInAuthCode,' ',sizeof(Data->UserInAuthCode));
 457   3              Data->Input_Enable = 0;
 458   3              Data->PAGE_NUM = AuthError;
 459   3              return;
 460   3           }
 461   2          }
 462   1      }
 463          
 464          
 465          void Page_InputError(Page* Data)
 466          {
 467   1          if(Data->Input_Enable)
 468   1          {     
 469   2           if(Data->Key_Value)
 470   2           {
 471   3            Data->PAGE_NUM = S; 
 472   3            Data->Input_Enable = 0;
 473   3            return;
 474   3           }
 475   2         }
 476   1          if(++Data->Error_Add>=Number_of_password_errors)
 477   1          {
 478   2            Data->Error_Add = 0;
 479   2            Data->BEEP_CallThePolice = 1;
 480   2          }
 481   1          LCD12864_Display_Chars(1,1,"密码错误!!!   ");
 482   1          LCD12864_Display_Chars(2,1,"请重新输入密码 ");
 483   1          LCD12864_Display_Chars(3,1,"              ");
 484   1          LCD12864_Display_Chars(4,1,"              ");
 485   1          Data->Input_Enable = 1;  
 486   1      }
 487          
 488          
C51 COMPILER V9.60.7.0   LCD12864                                                          05/27/2024 16:20:47 PAGE 9   

 489          void Page_AuthError(Page* Data)
 490          {
 491   1          if(Data->Input_Enable)
 492   1          {     
 493   2           if(Data->Key_Value)
 494   2           {
 495   3            Data->PAGE_NUM = InputNum;  
 496   3            Data->Input_Enable = 0;
 497   3            return;
 498   3           }
 499   2         }
 500   1          if(++Data->Error_Add>=Number_of_password_errors)
 501   1          {
 502   2            Data->Error_Add = 0;
 503   2            Data->BEEP_CallThePolice = 1;
 504   2          }
 505   1          LCD12864_Display_Chars(1,1,"验证码错误!!!  ");
 506   1          LCD12864_Display_Chars(2,1,"请重新输入验证码");
 507   1          LCD12864_Display_Chars(3,1,"              ");
 508   1          LCD12864_Display_Chars(4,1,"              ");
 509   1          Data->Input_Enable = 1;  
 510   1      }
 511          
 512          void Page_Access(Page* Data)
 513          {
 514   1          if(Data->Input_Enable)
 515   1          {     
 516   2           if(Data->Key_Value == KeyNum1)
 517   2           {
 518   3            Data->PAGE_NUM = S; 
 519   3            Data->Input_Enable = 0;
 520   3            Data->Sel_fun = Store;
 521   3             #if Print_Debug
                      printf("Store\n");
                    #endif
 524   3            return;
 525   3           }
 526   2           else if(Data->Key_Value == KeyNum2)
 527   2           {
 528   3            Data->PAGE_NUM = Select_Box;  
 529   3            Data->Input_Enable = 0;
 530   3            Data->Sel_fun = Fetch;
 531   3             #if Print_Debug
                      printf("Fetch\n");
                    #endif
 534   3            return;
 535   3           }
 536   2         }
 537   1          LCD12864_Write_Com(0x01);
 538   1          LCD12864_Display_Chars(1,1,"请选择功能:    ");
 539   1          LCD12864_Display_Chars(2,1,"存包裹          ");
 540   1          LCD12864_Display_Chars(3,1,"取包裹          ");
 541   1          LCD12864_Display_Chars(4,1,"                ");
 542   1         LCD12864_Write_Com(0x01);
 543   1          Data->Input_Enable = 1;  
 544   1      }


MODULE INFORMATION:   STATIC OVERLAYABLE
   CODE SIZE        =   2563    ----
   CONSTANT SIZE    =    396    ----
   XDATA SIZE       =     70      31
C51 COMPILER V9.60.7.0   LCD12864                                                          05/27/2024 16:20:47 PAGE 10  

   PDATA SIZE       =   ----    ----
   DATA SIZE        =   ----    ----
   IDATA SIZE       =   ----    ----
   BIT SIZE         =   ----    ----
   EDATA SIZE       =   ----    ----
   HDATA SIZE       =   ----    ----
   XDATA CONST SIZE =   ----    ----
   FAR CONST SIZE   =   ----    ----
END OF MODULE INFORMATION.


C51 COMPILATION COMPLETE.  0 WARNING(S),  0 ERROR(S)
